<?xml version="1.0" encoding="utf-8"?>
<TestRun id="51ca758d-2903-43d1-a225-be2255d118dd" name="Hp@BYK 2022-10-05 10:18:57" runUser="BYK\Hp" xmlns="http://microsoft.com/schemas/VisualStudio/TeamTest/2010">
  <Times creation="2022-10-05T10:18:57.9417117+05:00" queuing="2022-10-05T10:18:57.9417117+05:00" start="2022-10-05T10:18:45.2823115+05:00" finish="2022-10-05T10:19:45.3322924+05:00" />
  <TestSettings name="default" id="83e0e4f0-44c6-42c8-b969-6a7c15f24a0c">
    <Deployment runDeploymentRoot="Hp_BYK_2022-10-05_10_18_57" />
  </TestSettings>
  <Results>
    <UnitTestResult executionId="bac7f24f-f18a-467b-a089-725e2f35afb6" testId="501af85f-dbfe-4315-96c2-6dfdca4139a6" testName="NewsletterSubInvalidData" computerName="BYK" duration="00:00:07.2323737" startTime="2022-10-05T10:19:27.1229676+05:00" endTime="2022-10-05T10:19:34.3551468+05:00" testType="13cdc9d9-ddb5-4fa4-a97d-d965ccfc6d4b" outcome="Passed" testListId="8c84fa94-04c1-424b-9868-57a2d4851a1d" relativeResultsDirectory="bac7f24f-f18a-467b-a089-725e2f35afb6" />
    <UnitTestResult executionId="629f821d-4f4a-48d2-a349-97578c89dede" testId="5aa63689-8461-4c3c-ad37-19eeab13d7f5" testName="LoginInvalid" computerName="BYK" duration="00:00:11.9348382" startTime="2022-10-05T10:18:45.7813646+05:00" endTime="2022-10-05T10:18:57.8539921+05:00" testType="13cdc9d9-ddb5-4fa4-a97d-d965ccfc6d4b" outcome="Passed" testListId="8c84fa94-04c1-424b-9868-57a2d4851a1d" relativeResultsDirectory="629f821d-4f4a-48d2-a349-97578c89dede" />
    <UnitTestResult executionId="d6a08848-bf87-48a1-91a9-e2bb3b637c46" testId="895e36bf-187a-4433-9e5d-566b28aaf810" testName="NewsletterSubValidData" computerName="BYK" duration="00:00:16.0623764" startTime="2022-10-05T10:19:11.0599063+05:00" endTime="2022-10-05T10:19:27.1220299+05:00" testType="13cdc9d9-ddb5-4fa4-a97d-d965ccfc6d4b" outcome="Passed" testListId="8c84fa94-04c1-424b-9868-57a2d4851a1d" relativeResultsDirectory="d6a08848-bf87-48a1-91a9-e2bb3b637c46" />
    <UnitTestResult executionId="deabc111-e69d-45e4-a8ff-73be974726db" testId="103b3a04-2368-40cb-aea0-bf7d0a9a8e94" testName="SearchBarData" computerName="BYK" duration="00:00:10.6523287" startTime="2022-10-05T10:19:34.3551468+05:00" endTime="2022-10-05T10:19:45.0136037+05:00" testType="13cdc9d9-ddb5-4fa4-a97d-d965ccfc6d4b" outcome="Failed" testListId="8c84fa94-04c1-424b-9868-57a2d4851a1d" relativeResultsDirectory="deabc111-e69d-45e4-a8ff-73be974726db">
      <Output>
        <ErrorInfo>
          <Message>Test method UniworthProjectTechLift.UnitTest1.SearchBarData threw exception: &#xD;
OpenQA.Selenium.ElementNotInteractableException: element not interactable
  (Session info: chrome=106.0.5249.91)</Message>
          <StackTrace>    at OpenQA.Selenium.WebDriver.UnpackAndThrowOnError(Response errorResponse, String commandToExecute)&#xD;
   at OpenQA.Selenium.WebDriver.Execute(String driverCommandToExecute, Dictionary`2 parameters)&#xD;
   at OpenQA.Selenium.WebDriver.InternalExecute(String driverCommandToExecute, Dictionary`2 parameters)&#xD;
   at OpenQA.Selenium.WebElement.Execute(String commandToExecute, Dictionary`2 parameters)&#xD;
   at OpenQA.Selenium.WebElement.Click()&#xD;
   at UniworthProjectTechLift.BaseClass.Click(By by) in C:\Users\Hp\Source\Repos\ProjectPOMWriteMethod\ProjectPOMWriteMethod\BaseClass.cs:line 45&#xD;
   at UniworthProjectTechLift.SearchClass.SearchData(String text) in C:\Users\Hp\Source\Repos\ProjectPOMWriteMethod\ProjectPOMWriteMethod\SearchClass.cs:line 20&#xD;
   at UniworthProjectTechLift.UnitTest1.SearchBarData() in C:\Users\Hp\Source\Repos\ProjectPOMWriteMethod\ProjectPOMWriteMethod\UnitTest1.cs:line 96&#xD;
</StackTrace>
        </ErrorInfo>
      </Output>
    </UnitTestResult>
    <UnitTestResult executionId="00a6be77-9e58-4704-92c2-abe286a42b25" testId="54108897-e176-42d6-ad5d-47950a68a6c7" testName="RegistrationValid" computerName="BYK" duration="00:00:06.2717266" startTime="2022-10-05T10:18:57.9177749+05:00" endTime="2022-10-05T10:19:04.1919770+05:00" testType="13cdc9d9-ddb5-4fa4-a97d-d965ccfc6d4b" outcome="Failed" testListId="8c84fa94-04c1-424b-9868-57a2d4851a1d" relativeResultsDirectory="00a6be77-9e58-4704-92c2-abe286a42b25">
      <Output>
        <ErrorInfo>
          <Message>Test method UniworthProjectTechLift.UnitTest1.RegistrationValid threw exception: &#xD;
OpenQA.Selenium.ElementNotInteractableException: element not interactable
  (Session info: chrome=106.0.5249.91)</Message>
          <StackTrace>    at OpenQA.Selenium.WebDriver.UnpackAndThrowOnError(Response errorResponse, String commandToExecute)&#xD;
   at OpenQA.Selenium.WebDriver.Execute(String driverCommandToExecute, Dictionary`2 parameters)&#xD;
   at OpenQA.Selenium.WebDriver.InternalExecute(String driverCommandToExecute, Dictionary`2 parameters)&#xD;
   at OpenQA.Selenium.WebElement.Execute(String commandToExecute, Dictionary`2 parameters)&#xD;
   at OpenQA.Selenium.WebElement.Click()&#xD;
   at UniworthProjectTechLift.BaseClass.Click(By by) in C:\Users\Hp\Source\Repos\ProjectPOMWriteMethod\ProjectPOMWriteMethod\BaseClass.cs:line 45&#xD;
   at UniworthProjectTechLift.RegisterUser.RegisterData(String fullName, String emailAddress, String mobileN, String password, String passwordConfirm) in C:\Users\Hp\Source\Repos\ProjectPOMWriteMethod\ProjectPOMWriteMethod\RegisterUser.cs:line 26&#xD;
   at UniworthProjectTechLift.UnitTest1.RegistrationValid() in C:\Users\Hp\Source\Repos\ProjectPOMWriteMethod\ProjectPOMWriteMethod\UnitTest1.cs:line 64&#xD;
</StackTrace>
        </ErrorInfo>
      </Output>
    </UnitTestResult>
    <UnitTestResult executionId="984deca7-415b-4bce-aecb-d8ee63a0be9c" testId="8aaf00e4-0993-4165-b3e4-f1b29f2e2e6d" testName="RegistrationInValid" computerName="BYK" duration="00:00:06.8642687" startTime="2022-10-05T10:19:04.1919770+05:00" endTime="2022-10-05T10:19:11.0599063+05:00" testType="13cdc9d9-ddb5-4fa4-a97d-d965ccfc6d4b" outcome="Failed" testListId="8c84fa94-04c1-424b-9868-57a2d4851a1d" relativeResultsDirectory="984deca7-415b-4bce-aecb-d8ee63a0be9c">
      <Output>
        <ErrorInfo>
          <Message>Test method UniworthProjectTechLift.UnitTest1.RegistrationInValid threw exception: &#xD;
OpenQA.Selenium.ElementNotInteractableException: element not interactable
  (Session info: chrome=106.0.5249.91)</Message>
          <StackTrace>    at OpenQA.Selenium.WebDriver.UnpackAndThrowOnError(Response errorResponse, String commandToExecute)&#xD;
   at OpenQA.Selenium.WebDriver.Execute(String driverCommandToExecute, Dictionary`2 parameters)&#xD;
   at OpenQA.Selenium.WebDriver.InternalExecute(String driverCommandToExecute, Dictionary`2 parameters)&#xD;
   at OpenQA.Selenium.WebElement.Execute(String commandToExecute, Dictionary`2 parameters)&#xD;
   at OpenQA.Selenium.WebElement.Click()&#xD;
   at UniworthProjectTechLift.BaseClass.Click(By by) in C:\Users\Hp\Source\Repos\ProjectPOMWriteMethod\ProjectPOMWriteMethod\BaseClass.cs:line 45&#xD;
   at UniworthProjectTechLift.RegisterUser.RegisterData(String fullName, String emailAddress, String mobileN, String password, String passwordConfirm) in C:\Users\Hp\Source\Repos\ProjectPOMWriteMethod\ProjectPOMWriteMethod\RegisterUser.cs:line 26&#xD;
   at UniworthProjectTechLift.UnitTest1.RegistrationInValid() in C:\Users\Hp\Source\Repos\ProjectPOMWriteMethod\ProjectPOMWriteMethod\UnitTest1.cs:line 72&#xD;
</StackTrace>
        </ErrorInfo>
      </Output>
    </UnitTestResult>
  </Results>
  <TestDefinitions>
    <UnitTest name="LoginInvalid" storage="c:\users\hp\source\repos\projectuniworth\projectuniworth\bin\debug\projectpomwritemethod.dll" id="5aa63689-8461-4c3c-ad37-19eeab13d7f5">
      <Execution id="629f821d-4f4a-48d2-a349-97578c89dede" />
      <TestMethod codeBase="C:\Users\Hp\Source\Repos\ProjectUniworth\ProjectUniworth\bin\Debug\ProjectPOMWriteMethod.dll" adapterTypeName="executor://mstestadapter/v2" className="UniworthProjectTechLift.UnitTest1" name="LoginInvalid" />
    </UnitTest>
    <UnitTest name="RegistrationInValid" storage="c:\users\hp\source\repos\projectuniworth\projectuniworth\bin\debug\projectpomwritemethod.dll" id="8aaf00e4-0993-4165-b3e4-f1b29f2e2e6d">
      <Execution id="984deca7-415b-4bce-aecb-d8ee63a0be9c" />
      <TestMethod codeBase="C:\Users\Hp\Source\Repos\ProjectUniworth\ProjectUniworth\bin\Debug\ProjectPOMWriteMethod.dll" adapterTypeName="executor://mstestadapter/v2" className="UniworthProjectTechLift.UnitTest1" name="RegistrationInValid" />
    </UnitTest>
    <UnitTest name="NewsletterSubInvalidData" storage="c:\users\hp\source\repos\projectuniworth\projectuniworth\bin\debug\projectpomwritemethod.dll" id="501af85f-dbfe-4315-96c2-6dfdca4139a6">
      <Execution id="bac7f24f-f18a-467b-a089-725e2f35afb6" />
      <TestMethod codeBase="C:\Users\Hp\Source\Repos\ProjectUniworth\ProjectUniworth\bin\Debug\ProjectPOMWriteMethod.dll" adapterTypeName="executor://mstestadapter/v2" className="UniworthProjectTechLift.UnitTest1" name="NewsletterSubInvalidData" />
    </UnitTest>
    <UnitTest name="NewsletterSubValidData" storage="c:\users\hp\source\repos\projectuniworth\projectuniworth\bin\debug\projectpomwritemethod.dll" id="895e36bf-187a-4433-9e5d-566b28aaf810">
      <Execution id="d6a08848-bf87-48a1-91a9-e2bb3b637c46" />
      <TestMethod codeBase="C:\Users\Hp\Source\Repos\ProjectUniworth\ProjectUniworth\bin\Debug\ProjectPOMWriteMethod.dll" adapterTypeName="executor://mstestadapter/v2" className="UniworthProjectTechLift.UnitTest1" name="NewsletterSubValidData" />
    </UnitTest>
    <UnitTest name="RegistrationValid" storage="c:\users\hp\source\repos\projectuniworth\projectuniworth\bin\debug\projectpomwritemethod.dll" id="54108897-e176-42d6-ad5d-47950a68a6c7">
      <Execution id="00a6be77-9e58-4704-92c2-abe286a42b25" />
      <TestMethod codeBase="C:\Users\Hp\Source\Repos\ProjectUniworth\ProjectUniworth\bin\Debug\ProjectPOMWriteMethod.dll" adapterTypeName="executor://mstestadapter/v2" className="UniworthProjectTechLift.UnitTest1" name="RegistrationValid" />
    </UnitTest>
    <UnitTest name="SearchBarData" storage="c:\users\hp\source\repos\projectuniworth\projectuniworth\bin\debug\projectpomwritemethod.dll" id="103b3a04-2368-40cb-aea0-bf7d0a9a8e94">
      <Execution id="deabc111-e69d-45e4-a8ff-73be974726db" />
      <TestMethod codeBase="C:\Users\Hp\Source\Repos\ProjectUniworth\ProjectUniworth\bin\Debug\ProjectPOMWriteMethod.dll" adapterTypeName="executor://mstestadapter/v2" className="UniworthProjectTechLift.UnitTest1" name="SearchBarData" />
    </UnitTest>
  </TestDefinitions>
  <TestEntries>
    <TestEntry testId="501af85f-dbfe-4315-96c2-6dfdca4139a6" executionId="bac7f24f-f18a-467b-a089-725e2f35afb6" testListId="8c84fa94-04c1-424b-9868-57a2d4851a1d" />
    <TestEntry testId="5aa63689-8461-4c3c-ad37-19eeab13d7f5" executionId="629f821d-4f4a-48d2-a349-97578c89dede" testListId="8c84fa94-04c1-424b-9868-57a2d4851a1d" />
    <TestEntry testId="895e36bf-187a-4433-9e5d-566b28aaf810" executionId="d6a08848-bf87-48a1-91a9-e2bb3b637c46" testListId="8c84fa94-04c1-424b-9868-57a2d4851a1d" />
    <TestEntry testId="103b3a04-2368-40cb-aea0-bf7d0a9a8e94" executionId="deabc111-e69d-45e4-a8ff-73be974726db" testListId="8c84fa94-04c1-424b-9868-57a2d4851a1d" />
    <TestEntry testId="54108897-e176-42d6-ad5d-47950a68a6c7" executionId="00a6be77-9e58-4704-92c2-abe286a42b25" testListId="8c84fa94-04c1-424b-9868-57a2d4851a1d" />
    <TestEntry testId="8aaf00e4-0993-4165-b3e4-f1b29f2e2e6d" executionId="984deca7-415b-4bce-aecb-d8ee63a0be9c" testListId="8c84fa94-04c1-424b-9868-57a2d4851a1d" />
  </TestEntries>
  <TestLists>
    <TestList name="Results Not in a List" id="8c84fa94-04c1-424b-9868-57a2d4851a1d" />
    <TestList name="All Loaded Results" id="19431567-8539-422a-85d7-44ee4e166bda" />
  </TestLists>
  <ResultSummary outcome="Failed">
    <Counters total="6" executed="6" passed="3" failed="3" error="0" timeout="0" aborted="0" inconclusive="0" passedButRunAborted="0" notRunnable="0" notExecuted="0" disconnected="0" warning="0" completed="0" inProgress="0" pending="0" />
  </ResultSummary>
</TestRun>